<?xml version="1.0" encoding="UTF-8"?>
<!-- Generated by org.testng.reporters.JUnitXMLReporter -->
<testsuite hostname="tubas-MBP.lan" name="Default test" tests="5" failures="0" timestamp="1 Aug 2020 03:20:37 GMT" time="16.176" errors="0">
  <testcase name="verifyTitle" time="0.332" classname="com.qa.hotels.test.HotelsPage5starTest"/>
  <testcase name="star" time="4.093" classname="com.qa.hotels.test.HotelsPage5starTest"/>
  <testcase name="clickdistance" time="1.838" classname="com.qa.hotels.test.HotelsPage5starTest"/>
  <testcase name="scrolldown" time="2.015" classname="com.qa.hotels.test.HotelsPage5starTest"/>
  <testcase name="Hotels" time="0.084" classname="com.qa.hotels.test.HotelsPage5starTest"/>
</testsuite> <!-- Default test -->
