<?xml version="1.0" encoding="UTF-8"?>
<testng-results skipped="0" failed="0" total="2" passed="2">
  <reporter-output>
  </reporter-output>
  <suite name="Hotels Regression" duration-ms="7908" started-at="2020-08-03T21:58:51Z" finished-at="2020-08-03T21:58:59Z">
    <groups>
    </groups>
    <test name="Test" duration-ms="7908" started-at="2020-08-03T21:58:51Z" finished-at="2020-08-03T21:58:59Z">
      <class name="com.qa.hotels.test.HomePageTest">
        <test-method status="PASS" signature="setUp()[pri:0, instance:com.qa.hotels.test.HomePageTest@4b20ca2b]" name="setUp" is-config="true" duration-ms="4369" started-at="2020-08-03T16:58:51Z" finished-at="2020-08-03T16:58:56Z">
          <reporter-output>
          </reporter-output>
        </test-method> <!-- setUp -->
        <test-method status="PASS" signature="verifyHomePageTitle()[pri:1, instance:com.qa.hotels.test.HomePageTest@4b20ca2b]" name="verifyHomePageTitle" duration-ms="88" started-at="2020-08-03T16:58:56Z" finished-at="2020-08-03T16:58:56Z">
          <reporter-output>
          </reporter-output>
        </test-method> <!-- verifyHomePageTitle -->
        <test-method status="PASS" signature="destinationChoosing()[pri:2, instance:com.qa.hotels.test.HomePageTest@4b20ca2b]" name="destinationChoosing" duration-ms="2677" started-at="2020-08-03T16:58:56Z" finished-at="2020-08-03T16:58:59Z">
          <reporter-output>
          </reporter-output>
        </test-method> <!-- destinationChoosing -->
        <test-method status="PASS" signature="tearDown()[pri:0, instance:com.qa.hotels.test.HomePageTest@4b20ca2b]" name="tearDown" is-config="true" duration-ms="128" started-at="2020-08-03T16:58:59Z" finished-at="2020-08-03T16:58:59Z">
          <reporter-output>
          </reporter-output>
        </test-method> <!-- tearDown -->
      </class> <!-- com.qa.hotels.test.HomePageTest -->
    </test> <!-- Test -->
  </suite> <!-- Hotels Regression -->
</testng-results>
